<?xml version="1.0" encoding="UTF-8"?>
<!-- Generated by org.testng.reporters.JUnitXMLReporter -->
<testsuite ignored="0" hostname="LAPTOP-7GGAA62K" failures="0" tests="5" name="Test" time="0.045" errors="0" timestamp="2023-03-11T15:33:31 IST">
  <testcase classname="hello.hi" name="test1" time="0.009"/>
  <testcase classname="hello.hi" name="test2" time="0.001"/>
  <testcase classname="hello.hi" name="test3" time="0.001"/>
  <testcase classname="hello.bye" name="test1" time="0.001"/>
  <testcase classname="hello.bye" name="test2" time="0.001"/>
</testsuite> <!-- Test -->
