<?xml version="1.0" encoding="UTF-8"?>
<testng-results ignored="0" total="2" passed="2" failed="0" skipped="0">
  <reporter-output>
  </reporter-output>
  <suite started-at="2023-02-03T10:28:26 IST" name="Default suite" finished-at="2023-02-03T10:28:34 IST" duration-ms="8350">
    <groups>
    </groups>
    <test started-at="2023-02-03T10:28:26 IST" name="Default test" finished-at="2023-02-03T10:28:34 IST" duration-ms="8350">
      <class name="Maven.excelloginTest">
        <test-method signature="log(java.lang.String,java.lang.String)[pri:0, instance:Maven.excelloginTest@b9b00e0]" started-at="2023-02-03T10:28:27 IST" name="log" data-provider="tester" finished-at="2023-02-03T10:28:34 IST" duration-ms="7539" status="PASS">
          <params>
            <param index="0">
              <value>
                <![CDATA[raja]]>
              </value>
            </param>
            <param index="1">
              <value>
                <![CDATA[rani]]>
              </value>
            </param>
          </params>
          <reporter-output>
          </reporter-output>
        </test-method> <!-- log -->
        <test-method signature="log(java.lang.String,java.lang.String)[pri:0, instance:Maven.excelloginTest@b9b00e0]" started-at="2023-02-03T10:28:27 IST" name="log" data-provider="tester" finished-at="2023-02-03T10:28:34 IST" duration-ms="7539" status="PASS">
          <params>
            <param index="0">
              <value>
                <![CDATA[Rama]]>
              </value>
            </param>
            <param index="1">
              <value>
                <![CDATA[Radha]]>
              </value>
            </param>
          </params>
          <reporter-output>
          </reporter-output>
        </test-method> <!-- log -->
      </class> <!-- Maven.excelloginTest -->
    </test> <!-- Default test -->
  </suite> <!-- Default suite -->
</testng-results>
